#
# There is insufficient memory for the Java Runtime Environment to continue.
# Native memory allocation (malloc) failed to allocate 1048576 bytes for AllocateHeap
# Possible reasons:
#   The system is out of physical RAM or swap space
#   In 32 bit mode, the process size limit was hit
# Possible solutions:
#   Reduce memory load on the system
#   Increase physical memory or swap space
#   Check if swap backing store is full
#   Use 64 bit Java on a 64 bit OS
#   Decrease Java heap size (-Xmx/-Xms)
#   Decrease number of Java threads
#   Decrease Java thread stack sizes (-Xss)
#   Set larger code cache with -XX:ReservedCodeCacheSize=
# This output file may be truncated or incomplete.
#
#  Out of Memory Error (memory/allocation.inline.hpp:62), pid=15984, tid=6408
#
# JRE version:  (8.0_31-b13) (build )
# Java VM: Java HotSpot(TM) 64-Bit Server VM (25.31-b07 mixed mode windows-amd64 compressed oops)
# Failed to write core dump. Minidumps are not enabled by default on client versions of Windows
#

---------------  T H R E A D  ---------------

Current thread (0x000000000249e000):  JavaThread "Unknown thread" [_thread_in_vm, id=6408, stack(0x00000000022c0000,0x00000000023c0000)]

Stack: [0x00000000022c0000,0x00000000023c0000]
Native frames: (J=compiled Java code, j=interpreted, Vv=VM code, C=native code)
V  [jvm.dll+0x3169ba]
V  [jvm.dll+0x2674c3]
V  [jvm.dll+0x268103]
V  [jvm.dll+0x25f8f5]
V  [jvm.dll+0x3aa76f]
V  [jvm.dll+0x3d6852]
V  [jvm.dll+0x3d6bda]
V  [jvm.dll+0x3d2017]
V  [jvm.dll+0xe54d2]
V  [jvm.dll+0x1fa089]
V  [jvm.dll+0x22b694]
V  [jvm.dll+0x14d8c1]
C  [java.exe+0x20b6]
C  [java.exe+0xc9bb]
C  [java.exe+0xca4f]
C  [KERNEL32.DLL+0x17bd4]
C  [ntdll.dll+0x6ce51]


---------------  P R O C E S S  ---------------

Java Threads: ( => current thread )

Other Threads:

=>0x000000000249e000 (exited) JavaThread "Unknown thread" [_thread_in_vm, id=6408, stack(0x00000000022c0000,0x00000000023c0000)]

VM state:not at safepoint (normal execution)

VM Mutex/Monitor currently owned by a thread: None

Heap:
 PSYoungGen      total 38400K, used 665K [0x00000000d5d00000, 0x00000000d8780000, 0x0000000100000000)
  eden space 33280K, 2% used [0x00000000d5d00000,0x00000000d5da6670,0x00000000d7d80000)
  from space 5120K, 0% used [0x00000000d8280000,0x00000000d8280000,0x00000000d8780000)
  to   space 5120K, 0% used [0x00000000d7d80000,0x00000000d7d80000,0x00000000d8280000)
 ParOldGen       total 87552K, used 0K [0x0000000081600000, 0x0000000086b80000, 0x00000000d5d00000)
  object space 87552K, 0% used [0x0000000081600000,0x0000000081600000,0x0000000086b80000)
 Metaspace       used 677K, capacity 4480K, committed 4480K, reserved 1056768K
  class space    used 67K, capacity 384K, committed 384K, reserved 1048576K

Card table byte_map: [0x0000000011e60000,0x0000000012260000] byte_map_base: 0x0000000011a55000

Marking Bits: (ParMarkBitMap*) 0x0000000065f8d4f0
 Begin Bits: [0x0000000012910000, 0x00000000148b8000)
 End Bits:   [0x00000000148b8000, 0x0000000016860000)

Polling page: 0x0000000000aa0000

CodeCache: size=245760Kb used=327Kb max_used=327Kb free=245432Kb
 bounds [0x0000000002aa0000, 0x0000000002d10000, 0x0000000011aa0000]
 total_blobs=56 nmethods=0 adapters=37
 compilation: enabled

Compilation events (0 events):
No events

GC Heap History (0 events):
No events

Deoptimization events (0 events):
No events

Internal exceptions (0 events):
No events

Events (10 events):
Event: 0.030 loading class java/lang/Short
Event: 0.030 loading class java/lang/Short done
Event: 0.030 loading class java/lang/Integer
Event: 0.030 loading class java/lang/Integer done
Event: 0.030 loading class java/lang/Long
Event: 0.030 loading class java/lang/Long done
Event: 0.031 loading class java/lang/NullPointerException
Event: 0.031 loading class java/lang/NullPointerException done
Event: 0.031 loading class java/lang/ArithmeticException
Event: 0.031 loading class java/lang/ArithmeticException done


Dynamic libraries:
0x00007ff617730000 - 0x00007ff617764000 	C:\Program Files\Java\jdk1.8.0_31\bin\java.exe
0x00007ffe3fda0000 - 0x00007ffe3ff90000 	C:\WINDOWS\SYSTEM32\ntdll.dll
0x00007ffe3fb80000 - 0x00007ffe3fc32000 	C:\WINDOWS\System32\KERNEL32.DLL
0x00007ffe3d700000 - 0x00007ffe3d9a5000 	C:\WINDOWS\System32\KERNELBASE.dll
0x00007ffe3fc40000 - 0x00007ffe3fce3000 	C:\WINDOWS\System32\ADVAPI32.dll
0x00007ffe3df70000 - 0x00007ffe3e00e000 	C:\WINDOWS\System32\msvcrt.dll
0x00007ffe3de50000 - 0x00007ffe3dee7000 	C:\WINDOWS\System32\sechost.dll
0x00007ffe3e780000 - 0x00007ffe3e8a0000 	C:\WINDOWS\System32\RPCRT4.dll
0x00007ffe3e0c0000 - 0x00007ffe3e255000 	C:\WINDOWS\System32\USER32.dll
0x00007ffe3db50000 - 0x00007ffe3db71000 	C:\WINDOWS\System32\win32u.dll
0x00007ffe3e5a0000 - 0x00007ffe3e5c6000 	C:\WINDOWS\System32\GDI32.dll
0x00007ffe3dc50000 - 0x00007ffe3dde6000 	C:\WINDOWS\System32\gdi32full.dll
0x00007ffe3dab0000 - 0x00007ffe3db4e000 	C:\WINDOWS\System32\msvcp_win.dll
0x00007ffe3d9b0000 - 0x00007ffe3daaa000 	C:\WINDOWS\System32\ucrtbase.dll
0x00007ffe2eca0000 - 0x00007ffe2ef24000 	C:\WINDOWS\WinSxS\amd64_microsoft.windows.common-controls_6595b64144ccf1df_6.0.18362.1082_none_9e8193e1e45b25c1\COMCTL32.dll
0x00007ffe3e260000 - 0x00007ffe3e595000 	C:\WINDOWS\System32\combase.dll
0x00007ffe3ce80000 - 0x00007ffe3cf00000 	C:\WINDOWS\System32\bcryptPrimitives.dll
0x00007ffe3f500000 - 0x00007ffe3f52e000 	C:\WINDOWS\System32\IMM32.DLL
0x00000000668a0000 - 0x0000000066972000 	C:\Program Files\Java\jdk1.8.0_31\jre\bin\msvcr100.dll
0x00000000657b0000 - 0x000000006600a000 	C:\Program Files\Java\jdk1.8.0_31\jre\bin\server\jvm.dll
0x00007ffe3f4f0000 - 0x00007ffe3f4f8000 	C:\WINDOWS\System32\PSAPI.DLL
0x00007ffe2e530000 - 0x00007ffe2e539000 	C:\WINDOWS\SYSTEM32\WSOCK32.dll
0x00007ffe398f0000 - 0x00007ffe39914000 	C:\WINDOWS\SYSTEM32\WINMM.dll
0x00007ffe3e5d0000 - 0x00007ffe3e63f000 	C:\WINDOWS\System32\WS2_32.dll
0x00007ffe398c0000 - 0x00007ffe398ed000 	C:\WINDOWS\SYSTEM32\WINMMBASE.dll
0x00007ffe3d680000 - 0x00007ffe3d6ca000 	C:\WINDOWS\System32\cfgmgr32.dll
0x0000000066a30000 - 0x0000000066a3f000 	C:\Program Files\Java\jdk1.8.0_31\jre\bin\verify.dll
0x0000000066a00000 - 0x0000000066a28000 	C:\Program Files\Java\jdk1.8.0_31\jre\bin\java.dll
0x0000000066870000 - 0x0000000066893000 	C:\Program Files\Java\jdk1.8.0_31\jre\bin\instrument.dll
0x00000000669e0000 - 0x00000000669f6000 	C:\Program Files\Java\jdk1.8.0_31\jre\bin\zip.dll
0x00007ffe2fbf0000 - 0x00007ffe2fde4000 	C:\WINDOWS\SYSTEM32\dbghelp.dll

VM Arguments:
jvm_args: -Dmaven.multiModuleProjectDirectory=E:\as Work\JAVA\Project\mashibing\coding\JUC -Dmaven.home=D:\JAVA\IntelliJ IDEA 2018.2.2\plugins\maven\lib\maven3 -Dclassworlds.conf=D:\JAVA\IntelliJ IDEA 2018.2.2\plugins\maven\lib\maven3\bin\m2.conf -javaagent:D:\JAVA\IntelliJ IDEA 2018.2.2\lib\idea_rt.jar=60193:D:\JAVA\IntelliJ IDEA 2018.2.2\bin -Dfile.encoding=GBK 
java_command: org.codehaus.classworlds.Launcher -Didea.version=2018.2.2 -Dmaven.repo.local=C:\Users\lxysp\.m2\repository clean
java_class_path (initial): D:\JAVA\IntelliJ IDEA 2018.2.2\plugins\maven\lib\maven3\boot\plexus-classworlds-2.5.2.jar;D:\JAVA\IntelliJ IDEA 2018.2.2\lib\idea_rt.jar
Launcher Type: SUN_STANDARD

Environment Variables:
JAVA_HOME=C:\Program Files\Java\jdk1.8.0_31
CLASSPATH=C:\Program Files\Java\jdk1.8.0_31\lib;C:\Program Files\Java\jdk1.8.0_31\lib\tools.jar
PATH=C:\ProgramData\Oracle\Java\javapath;C:\Windows\system32;C:\Windows;C:\Windows\System32\Wbem;C:\Windows\System32\WindowsPowerShell\v1.0\;C:\Program Files (x86)\NVIDIA Corporation\PhysX\Common;C:\Program Files\Intel\WiFi\bin\;C:\Program Files\Common Files\Intel\WirelessCommon\;E:\as Work\JAVA\Maven\apache-maven-3.5.2\bin;C:\Program Files\Java\jdk1.8.0_31\bin;C:\Program Files\Java\jdk1.8.0_31\jre\bin;C:\WINDOWS\system32;C:\WINDOWS;C:\WINDOWS\System32\Wbem;C:\WINDOWS\System32\WindowsPowerShell\v1.0\;C:\WINDOWS\System32\OpenSSH\;D:\JAVA\Git\Git\cmd;D:\Program Files\TortoiseGit\bin;C:\Users\lxysp\AppData\Local\Microsoft\WindowsApps;
USERNAME=Ò»¼¾ÂäÒ¶LXY
OS=Windows_NT
PROCESSOR_IDENTIFIER=Intel64 Family 6 Model 142 Stepping 9, GenuineIntel



---------------  S Y S T E M  ---------------

OS: Windows 8.1 , 64 bit Build 9600 

CPU:total 4 (2 cores per cpu, 2 threads per core) family 6 model 142 stepping 9, cmov, cx8, fxsr, mmx, sse, sse2, sse3, ssse3, sse4.1, sse4.2, popcnt, avx, avx2, aes, clmul, erms, lzcnt, ht, tsc, tscinvbit, bmi1, bmi2

Memory: 4k page, physical 8295652k(1493288k free), swap 8295652k(4548k free)

vm_info: Java HotSpot(TM) 64-Bit Server VM (25.31-b07) for windows-amd64 JRE (1.8.0_31-b13), built on Dec 17 2014 21:00:28 by "java_re" with MS VC++ 10.0 (VS2010)

time: Tue Dec 22 17:46:51 2020
elapsed time: 0 seconds (0d 0h 0m 0s)

